<?xml version="1.0" encoding="UTF-8"?>
<testsuite xmlns:xsi="http://www.w3.org/2001/XMLSchema-instance" xsi:noNamespaceSchemaLocation="https://maven.apache.org/surefire/maven-surefire-plugin/xsd/surefire-test-report-3.0.xsd" version="3.0" name="com.udacity.webcrawler.WordCountsTest" time="0.002" tests="2" errors="0" skipped="0" failures="0">
  <properties>
    <property name="java.specification.version" value="17"/>
    <property name="sun.cpu.isalist" value="amd64"/>
    <property name="sun.jnu.encoding" value="Cp1252"/>
    <property name="java.class.path" value="D:\onedrive_neu\OneDrive - Northeastern University\projects\java\nd079-c2-advanced-java-programming-techniques-projectstarter-master\starter\webcrawler\target\test-classes;D:\onedrive_neu\OneDrive - Northeastern University\projects\java\nd079-c2-advanced-java-programming-techniques-projectstarter-master\starter\webcrawler\target\classes;C:\Users\CLsky\.m2\repository\com\google\inject\guice\5.0.1\guice-5.0.1.jar;C:\Users\CLsky\.m2\repository\aopalliance\aopalliance\1.0\aopalliance-1.0.jar;C:\Users\CLsky\.m2\repository\com\google\guava\guava\30.1-jre\guava-30.1-jre.jar;C:\Users\CLsky\.m2\repository\com\google\guava\failureaccess\1.0.1\failureaccess-1.0.1.jar;C:\Users\CLsky\.m2\repository\com\google\guava\listenablefuture\9999.0-empty-to-avoid-conflict-with-guava\listenablefuture-9999.0-empty-to-avoid-conflict-with-guava.jar;C:\Users\CLsky\.m2\repository\com\google\code\findbugs\jsr305\3.0.2\jsr305-3.0.2.jar;C:\Users\CLsky\.m2\repository\org\checkerframework\checker-qual\3.5.0\checker-qual-3.5.0.jar;C:\Users\CLsky\.m2\repository\com\google\j2objc\j2objc-annotations\1.3\j2objc-annotations-1.3.jar;C:\Users\CLsky\.m2\repository\javax\inject\javax.inject\1\javax.inject-1.jar;C:\Users\CLsky\.m2\repository\com\fasterxml\jackson\core\jackson-core\2.11.2\jackson-core-2.11.2.jar;C:\Users\CLsky\.m2\repository\com\fasterxml\jackson\core\jackson-databind\2.11.2\jackson-databind-2.11.2.jar;C:\Users\CLsky\.m2\repository\com\fasterxml\jackson\core\jackson-annotations\2.11.2\jackson-annotations-2.11.2.jar;C:\Users\CLsky\.m2\repository\org\jsoup\jsoup\1.13.1\jsoup-1.13.1.jar;C:\Users\CLsky\.m2\repository\com\google\truth\truth\1.0.1\truth-1.0.1.jar;C:\Users\CLsky\.m2\repository\org\checkerframework\checker-compat-qual\2.5.5\checker-compat-qual-2.5.5.jar;C:\Users\CLsky\.m2\repository\junit\junit\4.12\junit-4.12.jar;C:\Users\CLsky\.m2\repository\org\hamcrest\hamcrest-core\1.3\hamcrest-core-1.3.jar;C:\Users\CLsky\.m2\repository\com\googlecode\java-diff-utils\diffutils\1.3.0\diffutils-1.3.0.jar;C:\Users\CLsky\.m2\repository\com\google\auto\value\auto-value-annotations\1.6.3\auto-value-annotations-1.6.3.jar;C:\Users\CLsky\.m2\repository\com\google\errorprone\error_prone_annotations\2.3.3\error_prone_annotations-2.3.3.jar;C:\Users\CLsky\.m2\repository\org\junit\jupiter\junit-jupiter\5.6.2\junit-jupiter-5.6.2.jar;C:\Users\CLsky\.m2\repository\org\junit\jupiter\junit-jupiter-api\5.6.2\junit-jupiter-api-5.6.2.jar;C:\Users\CLsky\.m2\repository\org\apiguardian\apiguardian-api\1.1.0\apiguardian-api-1.1.0.jar;C:\Users\CLsky\.m2\repository\org\opentest4j\opentest4j\1.2.0\opentest4j-1.2.0.jar;C:\Users\CLsky\.m2\repository\org\junit\platform\junit-platform-commons\1.6.2\junit-platform-commons-1.6.2.jar;C:\Users\CLsky\.m2\repository\org\junit\jupiter\junit-jupiter-params\5.6.2\junit-jupiter-params-5.6.2.jar;C:\Users\CLsky\.m2\repository\org\junit\jupiter\junit-jupiter-engine\5.6.2\junit-jupiter-engine-5.6.2.jar;C:\Users\CLsky\.m2\repository\org\junit\platform\junit-platform-engine\1.6.2\junit-platform-engine-1.6.2.jar;"/>
    <property name="java.vm.vendor" value="Oracle Corporation"/>
    <property name="sun.arch.data.model" value="64"/>
    <property name="testDataDir" value="D:\onedrive_neu\OneDrive - Northeastern University\projects\java\nd079-c2-advanced-java-programming-techniques-projectstarter-master\starter\webcrawler/src/test/data"/>
    <property name="user.variant" value=""/>
    <property name="java.vendor.url" value="https://java.oracle.com/"/>
    <property name="user.timezone" value="America/New_York"/>
    <property name="os.name" value="Windows 10"/>
    <property name="java.vm.specification.version" value="17"/>
    <property name="crawlerImplementations" value="com.udacity.webcrawler.SequentialWebCrawler&#10;                                com.udacity.webcrawler.ParallelWebCrawler"/>
    <property name="sun.java.launcher" value="SUN_STANDARD"/>
    <property name="user.country" value="US"/>
    <property name="sun.boot.library.path" value="D:\softwarejavajdk\bin"/>
    <property name="sun.java.command" value="C:\Users\CLsky\AppData\Local\Temp\surefire1720458192988381471\surefirebooter11508523700704706918.jar C:\Users\CLsky\AppData\Local\Temp\surefire1720458192988381471 2021-11-04T21-41-31_232-jvmRun1 surefire1889259490725179904tmp surefire_017933413425772298059tmp"/>
    <property name="jdk.debug" value="release"/>
    <property name="surefire.test.class.path" value="D:\onedrive_neu\OneDrive - Northeastern University\projects\java\nd079-c2-advanced-java-programming-techniques-projectstarter-master\starter\webcrawler\target\test-classes;D:\onedrive_neu\OneDrive - Northeastern University\projects\java\nd079-c2-advanced-java-programming-techniques-projectstarter-master\starter\webcrawler\target\classes;C:\Users\CLsky\.m2\repository\com\google\inject\guice\5.0.1\guice-5.0.1.jar;C:\Users\CLsky\.m2\repository\aopalliance\aopalliance\1.0\aopalliance-1.0.jar;C:\Users\CLsky\.m2\repository\com\google\guava\guava\30.1-jre\guava-30.1-jre.jar;C:\Users\CLsky\.m2\repository\com\google\guava\failureaccess\1.0.1\failureaccess-1.0.1.jar;C:\Users\CLsky\.m2\repository\com\google\guava\listenablefuture\9999.0-empty-to-avoid-conflict-with-guava\listenablefuture-9999.0-empty-to-avoid-conflict-with-guava.jar;C:\Users\CLsky\.m2\repository\com\google\code\findbugs\jsr305\3.0.2\jsr305-3.0.2.jar;C:\Users\CLsky\.m2\repository\org\checkerframework\checker-qual\3.5.0\checker-qual-3.5.0.jar;C:\Users\CLsky\.m2\repository\com\google\j2objc\j2objc-annotations\1.3\j2objc-annotations-1.3.jar;C:\Users\CLsky\.m2\repository\javax\inject\javax.inject\1\javax.inject-1.jar;C:\Users\CLsky\.m2\repository\com\fasterxml\jackson\core\jackson-core\2.11.2\jackson-core-2.11.2.jar;C:\Users\CLsky\.m2\repository\com\fasterxml\jackson\core\jackson-databind\2.11.2\jackson-databind-2.11.2.jar;C:\Users\CLsky\.m2\repository\com\fasterxml\jackson\core\jackson-annotations\2.11.2\jackson-annotations-2.11.2.jar;C:\Users\CLsky\.m2\repository\org\jsoup\jsoup\1.13.1\jsoup-1.13.1.jar;C:\Users\CLsky\.m2\repository\com\google\truth\truth\1.0.1\truth-1.0.1.jar;C:\Users\CLsky\.m2\repository\org\checkerframework\checker-compat-qual\2.5.5\checker-compat-qual-2.5.5.jar;C:\Users\CLsky\.m2\repository\junit\junit\4.12\junit-4.12.jar;C:\Users\CLsky\.m2\repository\org\hamcrest\hamcrest-core\1.3\hamcrest-core-1.3.jar;C:\Users\CLsky\.m2\repository\com\googlecode\java-diff-utils\diffutils\1.3.0\diffutils-1.3.0.jar;C:\Users\CLsky\.m2\repository\com\google\auto\value\auto-value-annotations\1.6.3\auto-value-annotations-1.6.3.jar;C:\Users\CLsky\.m2\repository\com\google\errorprone\error_prone_annotations\2.3.3\error_prone_annotations-2.3.3.jar;C:\Users\CLsky\.m2\repository\org\junit\jupiter\junit-jupiter\5.6.2\junit-jupiter-5.6.2.jar;C:\Users\CLsky\.m2\repository\org\junit\jupiter\junit-jupiter-api\5.6.2\junit-jupiter-api-5.6.2.jar;C:\Users\CLsky\.m2\repository\org\apiguardian\apiguardian-api\1.1.0\apiguardian-api-1.1.0.jar;C:\Users\CLsky\.m2\repository\org\opentest4j\opentest4j\1.2.0\opentest4j-1.2.0.jar;C:\Users\CLsky\.m2\repository\org\junit\platform\junit-platform-commons\1.6.2\junit-platform-commons-1.6.2.jar;C:\Users\CLsky\.m2\repository\org\junit\jupiter\junit-jupiter-params\5.6.2\junit-jupiter-params-5.6.2.jar;C:\Users\CLsky\.m2\repository\org\junit\jupiter\junit-jupiter-engine\5.6.2\junit-jupiter-engine-5.6.2.jar;C:\Users\CLsky\.m2\repository\org\junit\platform\junit-platform-engine\1.6.2\junit-platform-engine-1.6.2.jar;"/>
    <property name="sun.cpu.endian" value="little"/>
    <property name="user.home" value="C:\Users\CLsky"/>
    <property name="user.language" value="en"/>
    <property name="java.specification.vendor" value="Oracle Corporation"/>
    <property name="java.version.date" value="2021-09-14"/>
    <property name="java.home" value="D:\softwarejavajdk"/>
    <property name="file.separator" value="\"/>
    <property name="basedir" value="D:\onedrive_neu\OneDrive - Northeastern University\projects\java\nd079-c2-advanced-java-programming-techniques-projectstarter-master\starter\webcrawler"/>
    <property name="java.vm.compressedOopsMode" value="Zero based"/>
    <property name="line.separator" value="&#10;"/>
    <property name="java.vm.specification.vendor" value="Oracle Corporation"/>
    <property name="java.specification.name" value="Java Platform API Specification"/>
    <property name="surefire.real.class.path" value="C:\Users\CLsky\AppData\Local\Temp\surefire1720458192988381471\surefirebooter11508523700704706918.jar"/>
    <property name="user.script" value=""/>
    <property name="sun.management.compiler" value="HotSpot 64-Bit Tiered Compilers"/>
    <property name="java.runtime.version" value="17+35-LTS-2724"/>
    <property name="user.name" value="CLsky"/>
    <property name="path.separator" value=";"/>
    <property name="os.version" value="10.0"/>
    <property name="java.runtime.name" value="Java(TM) SE Runtime Environment"/>
    <property name="file.encoding" value="Cp1252"/>
    <property name="java.vm.name" value="Java HotSpot(TM) 64-Bit Server VM"/>
    <property name="localRepository" value="C:\Users\CLsky\.m2\repository"/>
    <property name="java.vendor.url.bug" value="https://bugreport.java.com/bugreport/"/>
    <property name="java.io.tmpdir" value="C:\Users\CLsky\AppData\Local\Temp\"/>
    <property name="java.version" value="17"/>
    <property name="user.dir" value="D:\onedrive_neu\OneDrive - Northeastern University\projects\java\nd079-c2-advanced-java-programming-techniques-projectstarter-master\starter\webcrawler"/>
    <property name="os.arch" value="amd64"/>
    <property name="java.vm.specification.name" value="Java Virtual Machine Specification"/>
    <property name="sun.os.patch.level" value=""/>
    <property name="native.encoding" value="Cp1252"/>
    <property name="java.library.path" value="D:\softwarejavajdk\bin;C:\WINDOWS\Sun\Java\bin;C:\WINDOWS\system32;C:\WINDOWS;C:\Program Files\Common Files\Oracle\Java\javapath;D:\software\python\Scripts\;D:\software\python\;C:\WINDOWS\system32;C:\WINDOWS;C:\WINDOWS\System32\Wbem;C:\WINDOWS\System32\WindowsPowerShell\v1.0\;C:\WINDOWS\System32\OpenSSH\;C:\Program Files\NVIDIA Corporation\NVIDIA NvDLISR;C:\Program Files (x86)\NVIDIA Corporation\PhysX\Common;D:\software\apache-maven-3.8.3\bin;D:\software\Git\cmd;C:\Users\CLsky\AppData\Local\Microsoft\WindowsApps;;D:\software\IntelliJ IDEA 2021.2.2\bin;;."/>
    <property name="java.vm.info" value="mixed mode, sharing"/>
    <property name="java.vendor" value="Oracle Corporation"/>
    <property name="java.vm.version" value="17+35-LTS-2724"/>
    <property name="sun.io.unicode.encoding" value="UnicodeLittle"/>
    <property name="java.class.version" value="61.0"/>
  </properties>
  <testcase name="testNotEnoughWords" classname="com.udacity.webcrawler.WordCountsTest" time="0"/>
  <testcase name="testBasicOrder" classname="com.udacity.webcrawler.WordCountsTest" time="0"/>
</testsuite>